Command line:
   comparator_tb_isim_beh.exe
     -simmode  gui
     -simrunnum  0
     -socket  50860

Sun Dec 02 02:24:51 2018


 Elaboration Time: 0.046875 sec

 Current Memory Usage: 850.026 Meg

 Total Signals          : 16
 Total Nets             : 15
 Total Signal Drivers   : 13
 Total Blocks           : 5
 Total Primitive Blocks : 3
 Total Processes        : 12
 Total Traceable Variables  : 8
 Total Scalar Nets and Variables : 375
Total Line Count : 48

 Total Simulation Time: 0.0625 sec

 Current Memory Usage: 692.478 Meg

Sun Dec 02 02:26:00 2018

