Command line:
   decoder_tb_isim_beh.exe
     -simmode  gui
     -simrunnum  0
     -socket  56846

Mon Dec 03 23:32:52 2018


 Elaboration Time: 0.046875 sec

 Current Memory Usage: 845.382 Meg

 Total Signals          : 4
 Total Nets             : 6
 Total Signal Drivers   : 5
 Total Blocks           : 3
 Total Primitive Blocks : 2
 Total Processes        : 5
 Total Traceable Variables  : 8
 Total Scalar Nets and Variables : 366
Total Line Count : 16

 Total Simulation Time: 0.078125 sec

 Current Memory Usage: 1160.48 Meg

Mon Dec 03 23:33:38 2018

