Command line:
   fuladder_with_ted_tb_isim_beh.exe
     -simmode  gui
     -simrunnum  0
     -socket  49473

Sat Dec 01 19:40:25 2018


 Elaboration Time: 0.0625 sec

 Current Memory Usage: 850.1 Meg

 Total Signals          : 15
 Total Nets             : 13
 Total Signal Drivers   : 13
 Total Blocks           : 4
 Total Primitive Blocks : 2
 Total Processes        : 11
 Total Traceable Variables  : 8
 Total Scalar Nets and Variables : 373
Total Line Count : 44

 Total Simulation Time: 0.125 sec

 Current Memory Usage: 377.455 Meg

Sat Dec 01 20:19:43 2018

