Command line:
   main_tb_isim_beh.exe
     -simmode  gui
     -simrunnum  0
     -socket  59864

Mon Nov 26 15:58:01 2018


 Elaboration Time: 0.0625 sec

 Current Memory Usage: 845.382 Meg

 Total Signals          : 10
 Total Nets             : 5
 Total Signal Drivers   : 5
 Total Blocks           : 3
 Total Primitive Blocks : 2
 Total Processes        : 3
 Total Traceable Variables  : 8
 Total Scalar Nets and Variables : 365
Total Line Count : 27

 Total Simulation Time: 0.875 sec

 Current Memory Usage: 372.736 Meg

Mon Nov 26 17:47:36 2018

