Command line:
   fulladder_with_ted_isim_beh.exe
     -simmode  gui
     -simrunnum  0
     -socket  49450

Sat Dec 01 19:30:32 2018


 Elaboration Time: 0.046875 sec

 Current Memory Usage: 848.732 Meg

 Total Signals          : 10
 Total Nets             : 13
 Total Signal Drivers   : 10
 Total Blocks           : 3
 Total Primitive Blocks : 2
 Total Processes        : 10
 Total Traceable Variables  : 8
 Total Scalar Nets and Variables : 373
Total Line Count : 10

 Total Simulation Time: 0.046875 sec

 Current Memory Usage: 848.732 Meg

Sat Dec 01 19:30:40 2018

