Running: C:\Xilinx\14.7\ISE_DS\ISE\bin\nt\unwrapped\fuse.exe -intstyle ise -incremental -o D:/Xilinx/multiplexer/function_tb_isim_beh.exe -prj D:/Xilinx/multiplexer/function_tb_beh.prj work.function_tb 
ISim P.20131013 (signature 0x8ef4fb42)
Number of CPUs detected in this system: 8
Turning on mult-threading, number of parallel sub-compilation jobs: 16 
Determining compilation order of HDL files
Parsing VHDL file "D:/Xilinx/multiplexer/function.vhd" into library work
Parsing VHDL file "D:/Xilinx/multiplexer/function_tb.vhd" into library work
Starting static elaboration
Completed static elaboration
Fuse Memory Usage: 161580 KB
Fuse CPU Usage: 202 ms
Compiling package standard
Compiling package std_logic_1164
Compiling architecture behavioral of entity multiplexer [multiplexer_default]
Compiling architecture behavioral of entity funct [funct_default]
Compiling architecture behavior of entity function_tb
Time Resolution for simulation is 1ps.
Compiled 7 VHDL Units
Built simulation executable D:/Xilinx/multiplexer/function_tb_isim_beh.exe
Fuse Memory Usage: 171408 KB
Fuse CPU Usage: 249 ms
