Command line:
   binary_to_bcd_tb_isim_beh.exe
     -simmode  gui
     -simrunnum  0
     -socket  55949

Mon Dec 03 03:12:13 2018


 Elaboration Time: 0.15625 sec

 Current Memory Usage: 850.297 Meg

 Total Signals          : 9
 Total Nets             : 31
 Total Signal Drivers   : 26
 Total Blocks           : 4
 Total Primitive Blocks : 2
 Total Processes        : 26
 Total Traceable Variables  : 8
 Total Scalar Nets and Variables : 391
Total Line Count : 36

 Total Simulation Time: 0.15625 sec

 Current Memory Usage: 1165.39 Meg

Mon Dec 03 03:12:51 2018

