Command line:
   function_tb_isim_beh.exe
     -simmode  gui
     -simrunnum  0
     -socket  50383

Sun Dec 02 00:11:45 2018


 Elaboration Time: 0.0625 sec

 Current Memory Usage: 845.963 Meg

 Total Signals          : 21
 Total Nets             : 13
 Total Signal Drivers   : 9
 Total Blocks           : 4
 Total Primitive Blocks : 2
 Total Processes        : 7
 Total Traceable Variables  : 8
 Total Scalar Nets and Variables : 373
Total Line Count : 38

 Total Simulation Time: 0.0625 sec

 Current Memory Usage: 1161.06 Meg

Sun Dec 02 00:12:30 2018

