Running: C:\Xilinx\14.7\ISE_DS\ISE\bin\nt\unwrapped\fuse.exe -intstyle ise -incremental -o D:/Xilinx/binary_to_bcd/binary_to_bcd_tb_isim_beh.exe -prj D:/Xilinx/binary_to_bcd/binary_to_bcd_tb_beh.prj work.binary_to_bcd_tb 
ISim P.20131013 (signature 0x8ef4fb42)
Number of CPUs detected in this system: 8
Turning on mult-threading, number of parallel sub-compilation jobs: 16 
Determining compilation order of HDL files
Parsing VHDL file "D:/Xilinx/binary_to_bcd/bcd_encoder.vhd" into library work
Parsing VHDL file "D:/Xilinx/binary_to_bcd/binary_to_bcd.vhd" into library work
Parsing VHDL file "D:/Xilinx/binary_to_bcd/binary_to_bcd_tb.vhd" into library work
Starting static elaboration
Completed static elaboration
Fuse Memory Usage: 161324 KB
Fuse CPU Usage: 437 ms
Compiling package standard
Compiling package std_logic_1164
Compiling architecture behavioral of entity bcd_encoder [bcd_encoder_default]
Compiling architecture behavioral of entity binary_to_bcd [binary_to_bcd_default]
Compiling architecture behavior of entity binary_to_bcd_tb
Time Resolution for simulation is 1ps.
Waiting for 1 sub-compilation(s) to finish...
Compiled 7 VHDL Units
Built simulation executable D:/Xilinx/binary_to_bcd/binary_to_bcd_tb_isim_beh.exe
Fuse Memory Usage: 173200 KB
Fuse CPU Usage: 484 ms
