Command line:
   ted_tb_isim_beh.exe
     -simmode  gui
     -simrunnum  0
     -socket  65156

Sat Dec 01 16:51:46 2018


 Elaboration Time: 0.046875 sec

 Current Memory Usage: 846.561 Meg

 Total Signals          : 8
 Total Nets             : 11
 Total Signal Drivers   : 11
 Total Blocks           : 3
 Total Primitive Blocks : 2
 Total Processes        : 9
 Total Traceable Variables  : 8
 Total Scalar Nets and Variables : 371
Total Line Count : 40

 Total Simulation Time: 0.046875 sec

 Current Memory Usage: 689.013 Meg

Sat Dec 01 16:54:44 2018

